[INFO] 23-05-2023 11:52:26 [main] [Log] - Diference for ExpWh (Sheet1) 301.557| Sheet 2 +kWh = 301.5570
[INFO] 23-05-2023 11:52:27 [main] [Log] - Diference for ExpWh (Sheet1) 300.478| Sheet 2 +kWh = 300.4780
[INFO] 23-05-2023 11:52:27 [main] [Log] - Diference for ExpWh (Sheet1) 299.429| Sheet 2 +kWh = 299.4290
[INFO] 23-05-2023 11:52:27 [main] [Log] - Diference for ExpWh (Sheet1) 298.382| Sheet 2 +kWh = 298.3820
[INFO] 23-05-2023 11:52:27 [main] [Log] - Diference for ExpWh (Sheet1) 297.334| Sheet 2 +kWh = 297.3340
[INFO] 23-05-2023 11:52:27 [main] [Log] - Diference for ExpWh (Sheet1) 296.289| Sheet 2 +kWh = 296.2890
[INFO] 23-05-2023 11:52:27 [main] [Log] - Diference for ExpWh (Sheet1) 295.241| Sheet 2 +kWh = 295.2410
[INFO] 23-05-2023 11:52:27 [main] [Log] - Diference for ExpWh (Sheet1) 294.197| Sheet 2 +kWh = 294.1970
[INFO] 23-05-2023 11:52:27 [main] [Log] - Diference for ExpWh (Sheet1) 293.182| Sheet 2 +kWh = 293.1820
[INFO] 23-05-2023 11:52:27 [main] [Log] - Diference for ExpWh (Sheet1) 292.162| Sheet 2 +kWh = 292.1620
[INFO] 23-05-2023 11:52:27 [main] [Log] - Diference for ExpWh (Sheet1) 291.15| Sheet 2 +kWh = 291.1500
[INFO] 23-05-2023 11:52:27 [main] [Log] - Diference for ExpWh (Sheet1) 290.144| Sheet 2 +kWh = 290.1440
[INFO] 23-05-2023 11:52:27 [main] [Log] - Diference for ExpWh (Sheet1) 289.133| Sheet 2 +kWh = 289.1330
[INFO] 23-05-2023 11:52:27 [main] [Log] - Completed Successfully
[INFO] 23-05-2023 11:56:01 [main] [Log] - Diference for ExpWh (Sheet1) 301.557| Sheet 2 +kWh = 301.5570
[INFO] 23-05-2023 11:56:01 [main] [Log] - Diference for ExpWh (Sheet1) 300.478| Sheet 2 +kWh = 300.4780
[INFO] 23-05-2023 11:56:01 [main] [Log] - Diference for ExpWh (Sheet1) 299.429| Sheet 2 +kWh = 299.4290
[INFO] 23-05-2023 11:56:01 [main] [Log] - Diference for ExpWh (Sheet1) 298.382| Sheet 2 +kWh = 298.3820
[INFO] 23-05-2023 11:56:01 [main] [Log] - Diference for ExpWh (Sheet1) 297.334| Sheet 2 +kWh = 297.3340
[INFO] 23-05-2023 11:56:01 [main] [Log] - Diference for ExpWh (Sheet1) 296.289| Sheet 2 +kWh = 296.2890
[INFO] 23-05-2023 11:56:02 [main] [Log] - Diference for ExpWh (Sheet1) 295.241| Sheet 2 +kWh = 295.2410
[INFO] 23-05-2023 11:56:02 [main] [Log] - Diference for ExpWh (Sheet1) 294.197| Sheet 2 +kWh = 294.1970
[INFO] 23-05-2023 11:56:02 [main] [Log] - Diference for ExpWh (Sheet1) 293.182| Sheet 2 +kWh = 293.1820
[INFO] 23-05-2023 11:56:02 [main] [Log] - Diference for ExpWh (Sheet1) 292.162| Sheet 2 +kWh = 292.1620
[INFO] 23-05-2023 11:56:02 [main] [Log] - Diference for ExpWh (Sheet1) 291.15| Sheet 2 +kWh = 291.1500
[INFO] 23-05-2023 11:56:02 [main] [Log] - Diference for ExpWh (Sheet1) 290.144| Sheet 2 +kWh = 290.1440
[INFO] 23-05-2023 11:56:02 [main] [Log] - Diference for ExpWh (Sheet1) 289.133| Sheet 2 +kWh = 289.1330
[INFO] 23-05-2023 11:56:02 [main] [Log] - Completed Successfully
[INFO] 23-05-2023 12:13:41 [main] [Log] - Diference for ExpWh (Sheet1) 301.557| Sheet 2 +kWh = 301.5570
[INFO] 23-05-2023 12:13:41 [main] [Log] - Diference for ExpWh (Sheet1) 300.478| Sheet 2 +kWh = 300.4780
[INFO] 23-05-2023 12:13:41 [main] [Log] - Diference for ExpWh (Sheet1) 299.429| Sheet 2 +kWh = 299.4290
[INFO] 23-05-2023 12:13:41 [main] [Log] - Diference for ExpWh (Sheet1) 298.382| Sheet 2 +kWh = 298.3820
[INFO] 23-05-2023 12:13:41 [main] [Log] - Diference for ExpWh (Sheet1) 297.334| Sheet 2 +kWh = 297.3340
[INFO] 23-05-2023 12:13:42 [main] [Log] - Diference for ExpWh (Sheet1) 296.289| Sheet 2 +kWh = 296.2890
[INFO] 23-05-2023 12:13:42 [main] [Log] - Diference for ExpWh (Sheet1) 295.241| Sheet 2 +kWh = 295.2410
[INFO] 23-05-2023 12:13:42 [main] [Log] - Diference for ExpWh (Sheet1) 294.197| Sheet 2 +kWh = 294.1970
[INFO] 23-05-2023 12:13:42 [main] [Log] - Diference for ExpWh (Sheet1) 293.182| Sheet 2 +kWh = 293.1820
[INFO] 23-05-2023 12:13:42 [main] [Log] - Diference for ExpWh (Sheet1) 292.162| Sheet 2 +kWh = 292.1620
[INFO] 23-05-2023 12:13:42 [main] [Log] - Diference for ExpWh (Sheet1) 291.15| Sheet 2 +kWh = 291.1500
[INFO] 23-05-2023 12:13:42 [main] [Log] - Diference for ExpWh (Sheet1) 290.144| Sheet 2 +kWh = 290.1440
[INFO] 23-05-2023 12:13:42 [main] [Log] - Diference for ExpWh (Sheet1) 289.133| Sheet 2 +kWh = 289.1330
[INFO] 23-05-2023 12:13:42 [main] [Log] - Completed Successfully
[INFO] 23-05-2023 12:14:41 [main] [Log] - Diference for ExpWh (Sheet1) 301.557| Sheet 2 +kWh = 301.5570
[INFO] 23-05-2023 12:14:42 [main] [Log] - Diference for ExpWh (Sheet1) 300.478| Sheet 2 +kWh = 300.4780
[INFO] 23-05-2023 12:14:42 [main] [Log] - Diference for ExpWh (Sheet1) 299.429| Sheet 2 +kWh = 299.4290
[INFO] 23-05-2023 12:14:42 [main] [Log] - Diference for ExpWh (Sheet1) 298.382| Sheet 2 +kWh = 298.3820
[INFO] 23-05-2023 12:14:42 [main] [Log] - Diference for ExpWh (Sheet1) 297.334| Sheet 2 +kWh = 297.3340
[INFO] 23-05-2023 12:14:42 [main] [Log] - Diference for ExpWh (Sheet1) 296.289| Sheet 2 +kWh = 296.2890
[INFO] 23-05-2023 12:14:42 [main] [Log] - Diference for ExpWh (Sheet1) 295.241| Sheet 2 +kWh = 295.2410
[INFO] 23-05-2023 12:14:42 [main] [Log] - Diference for ExpWh (Sheet1) 294.197| Sheet 2 +kWh = 294.1970
[INFO] 23-05-2023 12:14:42 [main] [Log] - Diference for ExpWh (Sheet1) 293.182| Sheet 2 +kWh = 293.1820
[INFO] 23-05-2023 12:14:42 [main] [Log] - Diference for ExpWh (Sheet1) 292.162| Sheet 2 +kWh = 292.1620
[INFO] 23-05-2023 12:14:42 [main] [Log] - Diference for ExpWh (Sheet1) 291.15| Sheet 2 +kWh = 291.1500
[INFO] 23-05-2023 12:14:42 [main] [Log] - Diference for ExpWh (Sheet1) 290.144| Sheet 2 +kWh = 290.1440
[INFO] 23-05-2023 12:14:42 [main] [Log] - Diference for ExpWh (Sheet1) 289.133| Sheet 2 +kWh = 289.1330
[INFO] 23-05-2023 12:14:42 [main] [Log] - Completed Successfully
[INFO] 23-05-2023 14:18:24 [main] [Log] - Diference for ExpWh (Sheet1) 301.557| Sheet 2 +kWh = 301.5570
[INFO] 23-05-2023 14:18:25 [main] [Log] - Diference for ExpWh (Sheet1) 300.478| Sheet 2 +kWh = 300.4780
[INFO] 23-05-2023 14:18:25 [main] [Log] - Diference for ExpWh (Sheet1) 299.429| Sheet 2 +kWh = 299.4290
[INFO] 23-05-2023 14:18:25 [main] [Log] - Diference for ExpWh (Sheet1) 298.382| Sheet 2 +kWh = 298.3820
[INFO] 23-05-2023 14:18:25 [main] [Log] - Diference for ExpWh (Sheet1) 297.334| Sheet 2 +kWh = 297.3340
[INFO] 23-05-2023 14:18:25 [main] [Log] - Diference for ExpWh (Sheet1) 296.289| Sheet 2 +kWh = 296.2890
[INFO] 23-05-2023 14:18:25 [main] [Log] - Diference for ExpWh (Sheet1) 295.241| Sheet 2 +kWh = 295.2410
[INFO] 23-05-2023 14:18:25 [main] [Log] - Diference for ExpWh (Sheet1) 294.197| Sheet 2 +kWh = 294.1970
[INFO] 23-05-2023 14:18:25 [main] [Log] - Diference for ExpWh (Sheet1) 293.182| Sheet 2 +kWh = 293.1820
[INFO] 23-05-2023 14:18:25 [main] [Log] - Diference for ExpWh (Sheet1) 292.162| Sheet 2 +kWh = 292.1620
[INFO] 23-05-2023 14:18:25 [main] [Log] - Diference for ExpWh (Sheet1) 291.15| Sheet 2 +kWh = 291.1500
[INFO] 23-05-2023 14:18:25 [main] [Log] - Diference for ExpWh (Sheet1) 290.144| Sheet 2 +kWh = 290.1440
[INFO] 23-05-2023 14:18:25 [main] [Log] - Diference for ExpWh (Sheet1) 289.133| Sheet 2 +kWh = 289.1330
[INFO] 23-05-2023 14:18:25 [main] [Log] - Completed Successfully
[INFO] 23-05-2023 17:38:17 [main] [Log] - ******************************************************
[INFO] 23-05-2023 17:38:20 [main] [Log] - Diference for ExpWh (Sheet1) 301.557| Sheet 2 +kWh = 301.5570
[INFO] 23-05-2023 17:38:21 [main] [Log] - Diference for ExpWh (Sheet1) 300.478| Sheet 2 +kWh = 300.4780
[INFO] 23-05-2023 17:38:21 [main] [Log] - Diference for ExpWh (Sheet1) 299.429| Sheet 2 +kWh = 299.4290
[INFO] 23-05-2023 17:38:21 [main] [Log] - Diference for ExpWh (Sheet1) 298.382| Sheet 2 +kWh = 298.3820
[INFO] 23-05-2023 17:38:21 [main] [Log] - Diference for ExpWh (Sheet1) 297.334| Sheet 2 +kWh = 297.3340
[INFO] 23-05-2023 17:38:21 [main] [Log] - Diference for ExpWh (Sheet1) 296.289| Sheet 2 +kWh = 296.2890
[INFO] 23-05-2023 17:38:21 [main] [Log] - Diference for ExpWh (Sheet1) 295.241| Sheet 2 +kWh = 295.2410
[INFO] 23-05-2023 17:38:21 [main] [Log] - Diference for ExpWh (Sheet1) 294.197| Sheet 2 +kWh = 294.1970
[INFO] 23-05-2023 17:38:21 [main] [Log] - Diference for ExpWh (Sheet1) 293.182| Sheet 2 +kWh = 293.1820
[INFO] 23-05-2023 17:38:21 [main] [Log] - Diference for ExpWh (Sheet1) 292.162| Sheet 2 +kWh = 292.1620
[INFO] 23-05-2023 17:38:21 [main] [Log] - Diference for ExpWh (Sheet1) 291.15| Sheet 2 +kWh = 291.1500
[INFO] 23-05-2023 17:38:21 [main] [Log] - Diference for ExpWh (Sheet1) 290.144| Sheet 2 +kWh = 290.1440
[INFO] 23-05-2023 17:38:21 [main] [Log] - Diference for ExpWh (Sheet1) 289.133| Sheet 2 +kWh = 289.1330
[INFO] 23-05-2023 17:38:21 [main] [Log] - Completed Successfully
[INFO] 23-05-2023 17:38:22 [main] [Log] - ScenarioCompare Dongle and Command Center XLS Files
[INFO] 23-05-2023 17:38:23 [main] [Log] - ******************************************************
[INFO] 23-05-2023 17:38:23 [main] [Log] - Scenarioopen browser and send command
[INFO] 23-05-2023 17:38:25 [main] [Log] - ******************************************************
[INFO] 23-05-2023 17:38:34 [main] [Log] - ScenarioSearch Meter number
[INFO] 23-05-2023 17:38:36 [main] [Log] - ******************************************************
[INFO] 23-05-2023 17:38:45 [main] [Log] - ScenarioSearch Meter number
[INFO] 23-05-2023 17:38:47 [main] [Log] - ******************************************************
[INFO] 23-05-2023 17:38:55 [main] [Log] - ScenarioSearch Meter number
[INFO] 23-05-2023 17:47:31 [main] [Log] - ******************************************************
[INFO] 23-05-2023 17:47:35 [main] [Log] - Diference for ExpWh (Sheet1) 301.557| Sheet 2 +kWh = 301.5570
[INFO] 23-05-2023 17:47:36 [main] [Log] - Diference for ExpWh (Sheet1) 300.478| Sheet 2 +kWh = 300.4780
[INFO] 23-05-2023 17:47:36 [main] [Log] - Diference for ExpWh (Sheet1) 299.429| Sheet 2 +kWh = 299.4290
[INFO] 23-05-2023 17:47:36 [main] [Log] - Diference for ExpWh (Sheet1) 298.382| Sheet 2 +kWh = 298.3820
[INFO] 23-05-2023 17:47:36 [main] [Log] - Diference for ExpWh (Sheet1) 297.334| Sheet 2 +kWh = 297.3340
[INFO] 23-05-2023 17:47:36 [main] [Log] - Diference for ExpWh (Sheet1) 296.289| Sheet 2 +kWh = 296.2890
[INFO] 23-05-2023 17:47:36 [main] [Log] - Diference for ExpWh (Sheet1) 295.241| Sheet 2 +kWh = 295.2410
[INFO] 23-05-2023 17:47:36 [main] [Log] - Diference for ExpWh (Sheet1) 294.197| Sheet 2 +kWh = 294.1970
[INFO] 23-05-2023 17:47:36 [main] [Log] - Diference for ExpWh (Sheet1) 293.182| Sheet 2 +kWh = 293.1820
[INFO] 23-05-2023 17:47:36 [main] [Log] - Diference for ExpWh (Sheet1) 292.162| Sheet 2 +kWh = 292.1620
[INFO] 23-05-2023 17:47:36 [main] [Log] - Diference for ExpWh (Sheet1) 291.15| Sheet 2 +kWh = 291.1500
[INFO] 23-05-2023 17:47:36 [main] [Log] - Diference for ExpWh (Sheet1) 290.144| Sheet 2 +kWh = 290.1440
[INFO] 23-05-2023 17:47:36 [main] [Log] - Diference for ExpWh (Sheet1) 289.133| Sheet 2 +kWh = 289.1330
[INFO] 23-05-2023 17:47:36 [main] [Log] - Completed Successfully
[INFO] 23-05-2023 17:47:37 [main] [Log] - ScenarioCompare Dongle and Command Center XLS Files
[INFO] 23-05-2023 17:47:38 [main] [Log] - ******************************************************
[INFO] 23-05-2023 17:47:38 [main] [Log] - Scenarioopen browser and send command
[INFO] 23-05-2023 17:47:39 [main] [Log] - ******************************************************
[INFO] 23-05-2023 17:47:48 [main] [Log] - ScenarioSearch Meter number
[INFO] 23-05-2023 17:47:49 [main] [Log] - ******************************************************
[INFO] 23-05-2023 17:47:59 [main] [Log] - ScenarioSearch Meter number
[INFO] 23-05-2023 17:48:00 [main] [Log] - ******************************************************
[INFO] 23-05-2023 17:48:08 [main] [Log] - ScenarioSearch Meter number
