[INFO] 23-05-2023 11:52:26 [main] [Log] - Diference for ExpWh (Sheet1) 301.557| Sheet 2 +kWh = 301.5570
[INFO] 23-05-2023 11:52:27 [main] [Log] - Diference for ExpWh (Sheet1) 300.478| Sheet 2 +kWh = 300.4780
[INFO] 23-05-2023 11:52:27 [main] [Log] - Diference for ExpWh (Sheet1) 299.429| Sheet 2 +kWh = 299.4290
[INFO] 23-05-2023 11:52:27 [main] [Log] - Diference for ExpWh (Sheet1) 298.382| Sheet 2 +kWh = 298.3820
[INFO] 23-05-2023 11:52:27 [main] [Log] - Diference for ExpWh (Sheet1) 297.334| Sheet 2 +kWh = 297.3340
[INFO] 23-05-2023 11:52:27 [main] [Log] - Diference for ExpWh (Sheet1) 296.289| Sheet 2 +kWh = 296.2890
[INFO] 23-05-2023 11:52:27 [main] [Log] - Diference for ExpWh (Sheet1) 295.241| Sheet 2 +kWh = 295.2410
[INFO] 23-05-2023 11:52:27 [main] [Log] - Diference for ExpWh (Sheet1) 294.197| Sheet 2 +kWh = 294.1970
[INFO] 23-05-2023 11:52:27 [main] [Log] - Diference for ExpWh (Sheet1) 293.182| Sheet 2 +kWh = 293.1820
[INFO] 23-05-2023 11:52:27 [main] [Log] - Diference for ExpWh (Sheet1) 292.162| Sheet 2 +kWh = 292.1620
[INFO] 23-05-2023 11:52:27 [main] [Log] - Diference for ExpWh (Sheet1) 291.15| Sheet 2 +kWh = 291.1500
[INFO] 23-05-2023 11:52:27 [main] [Log] - Diference for ExpWh (Sheet1) 290.144| Sheet 2 +kWh = 290.1440
[INFO] 23-05-2023 11:52:27 [main] [Log] - Diference for ExpWh (Sheet1) 289.133| Sheet 2 +kWh = 289.1330
[INFO] 23-05-2023 11:52:27 [main] [Log] - Completed Successfully
[INFO] 23-05-2023 11:56:01 [main] [Log] - Diference for ExpWh (Sheet1) 301.557| Sheet 2 +kWh = 301.5570
[INFO] 23-05-2023 11:56:01 [main] [Log] - Diference for ExpWh (Sheet1) 300.478| Sheet 2 +kWh = 300.4780
[INFO] 23-05-2023 11:56:01 [main] [Log] - Diference for ExpWh (Sheet1) 299.429| Sheet 2 +kWh = 299.4290
[INFO] 23-05-2023 11:56:01 [main] [Log] - Diference for ExpWh (Sheet1) 298.382| Sheet 2 +kWh = 298.3820
[INFO] 23-05-2023 11:56:01 [main] [Log] - Diference for ExpWh (Sheet1) 297.334| Sheet 2 +kWh = 297.3340
[INFO] 23-05-2023 11:56:01 [main] [Log] - Diference for ExpWh (Sheet1) 296.289| Sheet 2 +kWh = 296.2890
[INFO] 23-05-2023 11:56:02 [main] [Log] - Diference for ExpWh (Sheet1) 295.241| Sheet 2 +kWh = 295.2410
[INFO] 23-05-2023 11:56:02 [main] [Log] - Diference for ExpWh (Sheet1) 294.197| Sheet 2 +kWh = 294.1970
[INFO] 23-05-2023 11:56:02 [main] [Log] - Diference for ExpWh (Sheet1) 293.182| Sheet 2 +kWh = 293.1820
[INFO] 23-05-2023 11:56:02 [main] [Log] - Diference for ExpWh (Sheet1) 292.162| Sheet 2 +kWh = 292.1620
[INFO] 23-05-2023 11:56:02 [main] [Log] - Diference for ExpWh (Sheet1) 291.15| Sheet 2 +kWh = 291.1500
[INFO] 23-05-2023 11:56:02 [main] [Log] - Diference for ExpWh (Sheet1) 290.144| Sheet 2 +kWh = 290.1440
[INFO] 23-05-2023 11:56:02 [main] [Log] - Diference for ExpWh (Sheet1) 289.133| Sheet 2 +kWh = 289.1330
[INFO] 23-05-2023 11:56:02 [main] [Log] - Completed Successfully
[INFO] 23-05-2023 12:13:41 [main] [Log] - Diference for ExpWh (Sheet1) 301.557| Sheet 2 +kWh = 301.5570
[INFO] 23-05-2023 12:13:41 [main] [Log] - Diference for ExpWh (Sheet1) 300.478| Sheet 2 +kWh = 300.4780
[INFO] 23-05-2023 12:13:41 [main] [Log] - Diference for ExpWh (Sheet1) 299.429| Sheet 2 +kWh = 299.4290
[INFO] 23-05-2023 12:13:41 [main] [Log] - Diference for ExpWh (Sheet1) 298.382| Sheet 2 +kWh = 298.3820
[INFO] 23-05-2023 12:13:41 [main] [Log] - Diference for ExpWh (Sheet1) 297.334| Sheet 2 +kWh = 297.3340
[INFO] 23-05-2023 12:13:42 [main] [Log] - Diference for ExpWh (Sheet1) 296.289| Sheet 2 +kWh = 296.2890
[INFO] 23-05-2023 12:13:42 [main] [Log] - Diference for ExpWh (Sheet1) 295.241| Sheet 2 +kWh = 295.2410
[INFO] 23-05-2023 12:13:42 [main] [Log] - Diference for ExpWh (Sheet1) 294.197| Sheet 2 +kWh = 294.1970
[INFO] 23-05-2023 12:13:42 [main] [Log] - Diference for ExpWh (Sheet1) 293.182| Sheet 2 +kWh = 293.1820
[INFO] 23-05-2023 12:13:42 [main] [Log] - Diference for ExpWh (Sheet1) 292.162| Sheet 2 +kWh = 292.1620
[INFO] 23-05-2023 12:13:42 [main] [Log] - Diference for ExpWh (Sheet1) 291.15| Sheet 2 +kWh = 291.1500
[INFO] 23-05-2023 12:13:42 [main] [Log] - Diference for ExpWh (Sheet1) 290.144| Sheet 2 +kWh = 290.1440
[INFO] 23-05-2023 12:13:42 [main] [Log] - Diference for ExpWh (Sheet1) 289.133| Sheet 2 +kWh = 289.1330
[INFO] 23-05-2023 12:13:42 [main] [Log] - Completed Successfully
[INFO] 23-05-2023 12:14:41 [main] [Log] - Diference for ExpWh (Sheet1) 301.557| Sheet 2 +kWh = 301.5570
[INFO] 23-05-2023 12:14:42 [main] [Log] - Diference for ExpWh (Sheet1) 300.478| Sheet 2 +kWh = 300.4780
[INFO] 23-05-2023 12:14:42 [main] [Log] - Diference for ExpWh (Sheet1) 299.429| Sheet 2 +kWh = 299.4290
[INFO] 23-05-2023 12:14:42 [main] [Log] - Diference for ExpWh (Sheet1) 298.382| Sheet 2 +kWh = 298.3820
[INFO] 23-05-2023 12:14:42 [main] [Log] - Diference for ExpWh (Sheet1) 297.334| Sheet 2 +kWh = 297.3340
[INFO] 23-05-2023 12:14:42 [main] [Log] - Diference for ExpWh (Sheet1) 296.289| Sheet 2 +kWh = 296.2890
[INFO] 23-05-2023 12:14:42 [main] [Log] - Diference for ExpWh (Sheet1) 295.241| Sheet 2 +kWh = 295.2410
[INFO] 23-05-2023 12:14:42 [main] [Log] - Diference for ExpWh (Sheet1) 294.197| Sheet 2 +kWh = 294.1970
[INFO] 23-05-2023 12:14:42 [main] [Log] - Diference for ExpWh (Sheet1) 293.182| Sheet 2 +kWh = 293.1820
[INFO] 23-05-2023 12:14:42 [main] [Log] - Diference for ExpWh (Sheet1) 292.162| Sheet 2 +kWh = 292.1620
[INFO] 23-05-2023 12:14:42 [main] [Log] - Diference for ExpWh (Sheet1) 291.15| Sheet 2 +kWh = 291.1500
[INFO] 23-05-2023 12:14:42 [main] [Log] - Diference for ExpWh (Sheet1) 290.144| Sheet 2 +kWh = 290.1440
[INFO] 23-05-2023 12:14:42 [main] [Log] - Diference for ExpWh (Sheet1) 289.133| Sheet 2 +kWh = 289.1330
[INFO] 23-05-2023 12:14:42 [main] [Log] - Completed Successfully
[INFO] 23-05-2023 14:18:24 [main] [Log] - Diference for ExpWh (Sheet1) 301.557| Sheet 2 +kWh = 301.5570
[INFO] 23-05-2023 14:18:25 [main] [Log] - Diference for ExpWh (Sheet1) 300.478| Sheet 2 +kWh = 300.4780
[INFO] 23-05-2023 14:18:25 [main] [Log] - Diference for ExpWh (Sheet1) 299.429| Sheet 2 +kWh = 299.4290
[INFO] 23-05-2023 14:18:25 [main] [Log] - Diference for ExpWh (Sheet1) 298.382| Sheet 2 +kWh = 298.3820
[INFO] 23-05-2023 14:18:25 [main] [Log] - Diference for ExpWh (Sheet1) 297.334| Sheet 2 +kWh = 297.3340
[INFO] 23-05-2023 14:18:25 [main] [Log] - Diference for ExpWh (Sheet1) 296.289| Sheet 2 +kWh = 296.2890
[INFO] 23-05-2023 14:18:25 [main] [Log] - Diference for ExpWh (Sheet1) 295.241| Sheet 2 +kWh = 295.2410
[INFO] 23-05-2023 14:18:25 [main] [Log] - Diference for ExpWh (Sheet1) 294.197| Sheet 2 +kWh = 294.1970
[INFO] 23-05-2023 14:18:25 [main] [Log] - Diference for ExpWh (Sheet1) 293.182| Sheet 2 +kWh = 293.1820
[INFO] 23-05-2023 14:18:25 [main] [Log] - Diference for ExpWh (Sheet1) 292.162| Sheet 2 +kWh = 292.1620
[INFO] 23-05-2023 14:18:25 [main] [Log] - Diference for ExpWh (Sheet1) 291.15| Sheet 2 +kWh = 291.1500
[INFO] 23-05-2023 14:18:25 [main] [Log] - Diference for ExpWh (Sheet1) 290.144| Sheet 2 +kWh = 290.1440
[INFO] 23-05-2023 14:18:25 [main] [Log] - Diference for ExpWh (Sheet1) 289.133| Sheet 2 +kWh = 289.1330
[INFO] 23-05-2023 14:18:25 [main] [Log] - Completed Successfully
[INFO] 23-05-2023 17:38:17 [main] [Log] - ******************************************************
[INFO] 23-05-2023 17:38:20 [main] [Log] - Diference for ExpWh (Sheet1) 301.557| Sheet 2 +kWh = 301.5570
[INFO] 23-05-2023 17:38:21 [main] [Log] - Diference for ExpWh (Sheet1) 300.478| Sheet 2 +kWh = 300.4780
[INFO] 23-05-2023 17:38:21 [main] [Log] - Diference for ExpWh (Sheet1) 299.429| Sheet 2 +kWh = 299.4290
[INFO] 23-05-2023 17:38:21 [main] [Log] - Diference for ExpWh (Sheet1) 298.382| Sheet 2 +kWh = 298.3820
[INFO] 23-05-2023 17:38:21 [main] [Log] - Diference for ExpWh (Sheet1) 297.334| Sheet 2 +kWh = 297.3340
[INFO] 23-05-2023 17:38:21 [main] [Log] - Diference for ExpWh (Sheet1) 296.289| Sheet 2 +kWh = 296.2890
[INFO] 23-05-2023 17:38:21 [main] [Log] - Diference for ExpWh (Sheet1) 295.241| Sheet 2 +kWh = 295.2410
[INFO] 23-05-2023 17:38:21 [main] [Log] - Diference for ExpWh (Sheet1) 294.197| Sheet 2 +kWh = 294.1970
[INFO] 23-05-2023 17:38:21 [main] [Log] - Diference for ExpWh (Sheet1) 293.182| Sheet 2 +kWh = 293.1820
[INFO] 23-05-2023 17:38:21 [main] [Log] - Diference for ExpWh (Sheet1) 292.162| Sheet 2 +kWh = 292.1620
[INFO] 23-05-2023 17:38:21 [main] [Log] - Diference for ExpWh (Sheet1) 291.15| Sheet 2 +kWh = 291.1500
[INFO] 23-05-2023 17:38:21 [main] [Log] - Diference for ExpWh (Sheet1) 290.144| Sheet 2 +kWh = 290.1440
[INFO] 23-05-2023 17:38:21 [main] [Log] - Diference for ExpWh (Sheet1) 289.133| Sheet 2 +kWh = 289.1330
[INFO] 23-05-2023 17:38:21 [main] [Log] - Completed Successfully
[INFO] 23-05-2023 17:38:22 [main] [Log] - ScenarioCompare Dongle and Command Center XLS Files
[INFO] 23-05-2023 17:38:23 [main] [Log] - ******************************************************
[INFO] 23-05-2023 17:38:23 [main] [Log] - Scenarioopen browser and send command
[INFO] 23-05-2023 17:38:25 [main] [Log] - ******************************************************
[INFO] 23-05-2023 17:38:34 [main] [Log] - ScenarioSearch Meter number
[INFO] 23-05-2023 17:38:36 [main] [Log] - ******************************************************
[INFO] 23-05-2023 17:38:45 [main] [Log] - ScenarioSearch Meter number
[INFO] 23-05-2023 17:38:47 [main] [Log] - ******************************************************
[INFO] 23-05-2023 17:38:55 [main] [Log] - ScenarioSearch Meter number
[INFO] 23-05-2023 17:47:31 [main] [Log] - ******************************************************
[INFO] 23-05-2023 17:47:35 [main] [Log] - Diference for ExpWh (Sheet1) 301.557| Sheet 2 +kWh = 301.5570
[INFO] 23-05-2023 17:47:36 [main] [Log] - Diference for ExpWh (Sheet1) 300.478| Sheet 2 +kWh = 300.4780
[INFO] 23-05-2023 17:47:36 [main] [Log] - Diference for ExpWh (Sheet1) 299.429| Sheet 2 +kWh = 299.4290
[INFO] 23-05-2023 17:47:36 [main] [Log] - Diference for ExpWh (Sheet1) 298.382| Sheet 2 +kWh = 298.3820
[INFO] 23-05-2023 17:47:36 [main] [Log] - Diference for ExpWh (Sheet1) 297.334| Sheet 2 +kWh = 297.3340
[INFO] 23-05-2023 17:47:36 [main] [Log] - Diference for ExpWh (Sheet1) 296.289| Sheet 2 +kWh = 296.2890
[INFO] 23-05-2023 17:47:36 [main] [Log] - Diference for ExpWh (Sheet1) 295.241| Sheet 2 +kWh = 295.2410
[INFO] 23-05-2023 17:47:36 [main] [Log] - Diference for ExpWh (Sheet1) 294.197| Sheet 2 +kWh = 294.1970
[INFO] 23-05-2023 17:47:36 [main] [Log] - Diference for ExpWh (Sheet1) 293.182| Sheet 2 +kWh = 293.1820
[INFO] 23-05-2023 17:47:36 [main] [Log] - Diference for ExpWh (Sheet1) 292.162| Sheet 2 +kWh = 292.1620
[INFO] 23-05-2023 17:47:36 [main] [Log] - Diference for ExpWh (Sheet1) 291.15| Sheet 2 +kWh = 291.1500
[INFO] 23-05-2023 17:47:36 [main] [Log] - Diference for ExpWh (Sheet1) 290.144| Sheet 2 +kWh = 290.1440
[INFO] 23-05-2023 17:47:36 [main] [Log] - Diference for ExpWh (Sheet1) 289.133| Sheet 2 +kWh = 289.1330
[INFO] 23-05-2023 17:47:36 [main] [Log] - Completed Successfully
[INFO] 23-05-2023 17:47:37 [main] [Log] - ScenarioCompare Dongle and Command Center XLS Files
[INFO] 23-05-2023 17:47:38 [main] [Log] - ******************************************************
[INFO] 23-05-2023 17:47:38 [main] [Log] - Scenarioopen browser and send command
[INFO] 23-05-2023 17:47:39 [main] [Log] - ******************************************************
[INFO] 23-05-2023 17:47:48 [main] [Log] - ScenarioSearch Meter number
[INFO] 23-05-2023 17:47:49 [main] [Log] - ******************************************************
[INFO] 23-05-2023 17:47:59 [main] [Log] - ScenarioSearch Meter number
[INFO] 23-05-2023 17:48:00 [main] [Log] - ******************************************************
[INFO] 23-05-2023 17:48:08 [main] [Log] - ScenarioSearch Meter number
[INFO] 23-05-2023 20:09:50 [main] [Log] - ******************************************************
[INFO] 23-05-2023 20:09:53 [main] [Log] - Diference for ExpWh (Sheet1) 301.557| Sheet 2 +kWh = 301.5570
[INFO] 23-05-2023 20:09:53 [main] [Log] - Diference for ExpWh (Sheet1) 300.478| Sheet 2 +kWh = 300.4780
[INFO] 23-05-2023 20:09:53 [main] [Log] - Diference for ExpWh (Sheet1) 299.429| Sheet 2 +kWh = 299.4290
[INFO] 23-05-2023 20:09:53 [main] [Log] - Diference for ExpWh (Sheet1) 298.382| Sheet 2 +kWh = 298.3820
[INFO] 23-05-2023 20:09:53 [main] [Log] - Diference for ExpWh (Sheet1) 297.334| Sheet 2 +kWh = 297.3340
[INFO] 23-05-2023 20:09:53 [main] [Log] - Diference for ExpWh (Sheet1) 296.289| Sheet 2 +kWh = 296.2890
[INFO] 23-05-2023 20:09:53 [main] [Log] - Diference for ExpWh (Sheet1) 295.241| Sheet 2 +kWh = 295.2410
[INFO] 23-05-2023 20:09:53 [main] [Log] - Diference for ExpWh (Sheet1) 294.197| Sheet 2 +kWh = 294.1970
[INFO] 23-05-2023 20:09:54 [main] [Log] - Diference for ExpWh (Sheet1) 293.182| Sheet 2 +kWh = 293.1820
[INFO] 23-05-2023 20:09:54 [main] [Log] - Diference for ExpWh (Sheet1) 292.162| Sheet 2 +kWh = 292.1620
[INFO] 23-05-2023 20:09:54 [main] [Log] - Diference for ExpWh (Sheet1) 291.15| Sheet 2 +kWh = 291.1500
[INFO] 23-05-2023 20:09:54 [main] [Log] - Diference for ExpWh (Sheet1) 290.144| Sheet 2 +kWh = 290.1440
[INFO] 23-05-2023 20:09:54 [main] [Log] - Diference for ExpWh (Sheet1) 289.133| Sheet 2 +kWh = 289.1330
[INFO] 23-05-2023 20:09:54 [main] [Log] - Completed Successfully
[INFO] 23-05-2023 20:09:54 [main] [Log] - ScenarioCompare Dongle and Command Center XLS Files
[INFO] 23-05-2023 20:09:55 [main] [Log] - ******************************************************
[INFO] 23-05-2023 20:09:55 [main] [Log] - Scenarioopen browser and send command
[INFO] 23-05-2023 20:09:56 [main] [Log] - ******************************************************
[INFO] 23-05-2023 20:10:03 [main] [Log] - ScenarioSearch Meter number
[INFO] 23-05-2023 20:10:03 [main] [Log] - ******************************************************
[INFO] 23-05-2023 20:10:12 [main] [Log] - ScenarioSearch Meter number
[INFO] 23-05-2023 20:10:13 [main] [Log] - ******************************************************
[INFO] 23-05-2023 20:10:21 [main] [Log] - ScenarioSearch Meter number
[INFO] 23-05-2023 20:16:38 [main] [Log] - ******************************************************
[INFO] 23-05-2023 20:16:41 [main] [Log] - Diference for ExpWh (Sheet1) 301.557| Sheet 2 +kWh = 301.5570
[INFO] 23-05-2023 20:16:41 [main] [Log] - Diference for ExpWh (Sheet1) 300.478| Sheet 2 +kWh = 300.4780
[INFO] 23-05-2023 20:16:41 [main] [Log] - Diference for ExpWh (Sheet1) 299.429| Sheet 2 +kWh = 299.4290
[INFO] 23-05-2023 20:16:41 [main] [Log] - Diference for ExpWh (Sheet1) 298.382| Sheet 2 +kWh = 298.3820
[INFO] 23-05-2023 20:16:41 [main] [Log] - Diference for ExpWh (Sheet1) 297.334| Sheet 2 +kWh = 297.3340
[INFO] 23-05-2023 20:16:41 [main] [Log] - Diference for ExpWh (Sheet1) 296.289| Sheet 2 +kWh = 296.2890
[INFO] 23-05-2023 20:16:41 [main] [Log] - Diference for ExpWh (Sheet1) 295.241| Sheet 2 +kWh = 295.2410
[INFO] 23-05-2023 20:16:41 [main] [Log] - Diference for ExpWh (Sheet1) 294.197| Sheet 2 +kWh = 294.1970
[INFO] 23-05-2023 20:16:41 [main] [Log] - Diference for ExpWh (Sheet1) 293.182| Sheet 2 +kWh = 293.1820
[INFO] 23-05-2023 20:16:41 [main] [Log] - Diference for ExpWh (Sheet1) 292.162| Sheet 2 +kWh = 292.1620
[INFO] 23-05-2023 20:16:42 [main] [Log] - Diference for ExpWh (Sheet1) 291.15| Sheet 2 +kWh = 291.1500
[INFO] 23-05-2023 20:16:42 [main] [Log] - Diference for ExpWh (Sheet1) 290.144| Sheet 2 +kWh = 290.1440
[INFO] 23-05-2023 20:16:42 [main] [Log] - Diference for ExpWh (Sheet1) 289.133| Sheet 2 +kWh = 289.1330
[INFO] 23-05-2023 20:16:42 [main] [Log] - Completed Successfully
[INFO] 23-05-2023 20:16:42 [main] [Log] - ScenarioCompare Dongle and Command Center XLS Files
[INFO] 23-05-2023 20:16:43 [main] [Log] - ******************************************************
[INFO] 23-05-2023 20:16:43 [main] [Log] - Scenarioopen browser and send command
[INFO] 23-05-2023 20:16:44 [main] [Log] - ******************************************************
[INFO] 23-05-2023 20:16:52 [main] [Log] - ScenarioSearch Meter number
[INFO] 23-05-2023 20:16:53 [main] [Log] - ******************************************************
[INFO] 23-05-2023 20:17:01 [main] [Log] - ScenarioSearch Meter number
[INFO] 23-05-2023 20:17:02 [main] [Log] - ******************************************************
[INFO] 23-05-2023 20:17:10 [main] [Log] - ScenarioSearch Meter number
[INFO] 23-05-2023 20:30:59 [main] [Log] - ******************************************************
[INFO] 23-05-2023 20:31:02 [main] [Log] - Diference for ExpWh (Sheet1) 301.557| Sheet 2 +kWh = 301.5570
[INFO] 23-05-2023 20:31:02 [main] [Log] - Diference for ExpWh (Sheet1) 300.478| Sheet 2 +kWh = 300.4780
[INFO] 23-05-2023 20:31:02 [main] [Log] - Diference for ExpWh (Sheet1) 299.429| Sheet 2 +kWh = 299.4290
[INFO] 23-05-2023 20:31:02 [main] [Log] - Diference for ExpWh (Sheet1) 298.382| Sheet 2 +kWh = 298.3820
[INFO] 23-05-2023 20:31:02 [main] [Log] - Diference for ExpWh (Sheet1) 297.334| Sheet 2 +kWh = 297.3340
[INFO] 23-05-2023 20:31:02 [main] [Log] - Diference for ExpWh (Sheet1) 296.289| Sheet 2 +kWh = 296.2890
[INFO] 23-05-2023 20:31:02 [main] [Log] - Diference for ExpWh (Sheet1) 295.241| Sheet 2 +kWh = 295.2410
[INFO] 23-05-2023 20:31:02 [main] [Log] - Diference for ExpWh (Sheet1) 294.197| Sheet 2 +kWh = 294.1970
[INFO] 23-05-2023 20:31:02 [main] [Log] - Diference for ExpWh (Sheet1) 293.182| Sheet 2 +kWh = 293.1820
[INFO] 23-05-2023 20:31:02 [main] [Log] - Diference for ExpWh (Sheet1) 292.162| Sheet 2 +kWh = 292.1620
[INFO] 23-05-2023 20:31:02 [main] [Log] - Diference for ExpWh (Sheet1) 291.15| Sheet 2 +kWh = 291.1500
[INFO] 23-05-2023 20:31:02 [main] [Log] - Diference for ExpWh (Sheet1) 290.144| Sheet 2 +kWh = 290.1440
[INFO] 23-05-2023 20:31:02 [main] [Log] - Diference for ExpWh (Sheet1) 289.133| Sheet 2 +kWh = 289.1330
[INFO] 23-05-2023 20:31:02 [main] [Log] - Completed Successfully
[INFO] 23-05-2023 20:31:03 [main] [Log] - ScenarioCompare Dongle and Command Center XLS Files
[INFO] 23-05-2023 20:31:04 [main] [Log] - ******************************************************
[INFO] 23-05-2023 20:31:04 [main] [Log] - Scenarioopen browser and send command
[INFO] 23-05-2023 20:31:05 [main] [Log] - ******************************************************
[INFO] 23-05-2023 20:31:13 [main] [Log] - ScenarioSearch Meter number
[INFO] 23-05-2023 20:31:14 [main] [Log] - ******************************************************
[INFO] 23-05-2023 20:31:24 [main] [Log] - ScenarioSearch Meter number
[INFO] 23-05-2023 20:31:25 [main] [Log] - ******************************************************
[INFO] 23-05-2023 20:31:33 [main] [Log] - ScenarioSearch Meter number
[INFO] 23-05-2023 20:34:56 [main] [Log] - ******************************************************
[INFO] 23-05-2023 20:34:59 [main] [Log] - Diference for ExpWh (Sheet1) 301.557| Sheet 2 +kWh = 301.5570
[INFO] 23-05-2023 20:35:00 [main] [Log] - Diference for ExpWh (Sheet1) 300.478| Sheet 2 +kWh = 300.4780
[INFO] 23-05-2023 20:35:00 [main] [Log] - Diference for ExpWh (Sheet1) 299.429| Sheet 2 +kWh = 299.4290
[INFO] 23-05-2023 20:35:00 [main] [Log] - Diference for ExpWh (Sheet1) 298.382| Sheet 2 +kWh = 298.3820
[INFO] 23-05-2023 20:35:00 [main] [Log] - Diference for ExpWh (Sheet1) 297.334| Sheet 2 +kWh = 297.3340
[INFO] 23-05-2023 20:35:00 [main] [Log] - Diference for ExpWh (Sheet1) 296.289| Sheet 2 +kWh = 296.2890
[INFO] 23-05-2023 20:35:00 [main] [Log] - Diference for ExpWh (Sheet1) 295.241| Sheet 2 +kWh = 295.2410
[INFO] 23-05-2023 20:35:00 [main] [Log] - Diference for ExpWh (Sheet1) 294.197| Sheet 2 +kWh = 294.1970
[INFO] 23-05-2023 20:35:00 [main] [Log] - Diference for ExpWh (Sheet1) 293.182| Sheet 2 +kWh = 293.1820
[INFO] 23-05-2023 20:35:00 [main] [Log] - Diference for ExpWh (Sheet1) 292.162| Sheet 2 +kWh = 292.1620
[INFO] 23-05-2023 20:35:00 [main] [Log] - Diference for ExpWh (Sheet1) 291.15| Sheet 2 +kWh = 291.1500
[INFO] 23-05-2023 20:35:00 [main] [Log] - Diference for ExpWh (Sheet1) 290.144| Sheet 2 +kWh = 290.1440
[INFO] 23-05-2023 20:35:00 [main] [Log] - Diference for ExpWh (Sheet1) 289.133| Sheet 2 +kWh = 289.1330
[INFO] 23-05-2023 20:35:00 [main] [Log] - Completed Successfully
[INFO] 23-05-2023 20:35:00 [main] [Log] - ScenarioCompare Dongle and Command Center XLS Files
[INFO] 23-05-2023 20:35:01 [main] [Log] - ******************************************************
[INFO] 23-05-2023 20:35:01 [main] [Log] - Scenarioopen browser and send command
[INFO] 23-05-2023 20:35:02 [main] [Log] - ******************************************************
[INFO] 23-05-2023 20:35:11 [main] [Log] - ScenarioSearch Meter number
[INFO] 23-05-2023 20:35:12 [main] [Log] - ******************************************************
[INFO] 23-05-2023 20:35:21 [main] [Log] - ScenarioSearch Meter number
[INFO] 23-05-2023 20:35:22 [main] [Log] - ******************************************************
[INFO] 23-05-2023 20:35:31 [main] [Log] - ScenarioSearch Meter number
[INFO] 23-05-2023 21:11:52 [main] [Log] - ******************************************************
[INFO] 23-05-2023 21:11:55 [main] [Log] - Diference for ExpWh (Sheet1) 301.557| Sheet 2 +kWh = 301.5570
[INFO] 23-05-2023 21:11:56 [main] [Log] - Diference for ExpWh (Sheet1) 300.478| Sheet 2 +kWh = 300.4780
[INFO] 23-05-2023 21:11:56 [main] [Log] - Diference for ExpWh (Sheet1) 299.429| Sheet 2 +kWh = 299.4290
[INFO] 23-05-2023 21:11:56 [main] [Log] - Diference for ExpWh (Sheet1) 298.382| Sheet 2 +kWh = 298.3820
[INFO] 23-05-2023 21:11:56 [main] [Log] - Diference for ExpWh (Sheet1) 297.334| Sheet 2 +kWh = 297.3340
[INFO] 23-05-2023 21:11:56 [main] [Log] - Diference for ExpWh (Sheet1) 296.289| Sheet 2 +kWh = 296.2890
[INFO] 23-05-2023 21:11:56 [main] [Log] - Diference for ExpWh (Sheet1) 295.241| Sheet 2 +kWh = 295.2410
[INFO] 23-05-2023 21:11:56 [main] [Log] - Diference for ExpWh (Sheet1) 294.197| Sheet 2 +kWh = 294.1970
[INFO] 23-05-2023 21:11:56 [main] [Log] - Diference for ExpWh (Sheet1) 293.182| Sheet 2 +kWh = 293.1820
[INFO] 23-05-2023 21:11:56 [main] [Log] - Diference for ExpWh (Sheet1) 292.162| Sheet 2 +kWh = 292.1620
[INFO] 23-05-2023 21:11:56 [main] [Log] - Diference for ExpWh (Sheet1) 291.15| Sheet 2 +kWh = 291.1500
[INFO] 23-05-2023 21:11:56 [main] [Log] - Diference for ExpWh (Sheet1) 290.144| Sheet 2 +kWh = 290.1440
[INFO] 23-05-2023 21:11:56 [main] [Log] - Diference for ExpWh (Sheet1) 289.133| Sheet 2 +kWh = 289.1330
[INFO] 23-05-2023 21:11:56 [main] [Log] - Completed Successfully
[INFO] 23-05-2023 21:11:56 [main] [Log] - ScenarioCompare Dongle and Command Center XLS Files
[INFO] 23-05-2023 21:11:57 [main] [Log] - ******************************************************
[INFO] 23-05-2023 21:11:57 [main] [Log] - Scenarioopen browser and send command
[INFO] 23-05-2023 21:11:58 [main] [Log] - ******************************************************
[INFO] 23-05-2023 21:12:07 [main] [Log] - ScenarioSearch Meter number
[INFO] 23-05-2023 21:12:08 [main] [Log] - ******************************************************
[INFO] 23-05-2023 21:12:18 [main] [Log] - ScenarioSearch Meter number
[INFO] 23-05-2023 21:12:18 [main] [Log] - ******************************************************
[INFO] 23-05-2023 21:12:28 [main] [Log] - ScenarioSearch Meter number
[INFO] 23-05-2023 21:16:52 [main] [Log] - ******************************************************
[INFO] 23-05-2023 21:16:55 [main] [Log] - Diference for ExpWh (Sheet1) 301.557| Sheet 2 +kWh = 301.5570
[INFO] 23-05-2023 21:16:56 [main] [Log] - Diference for ExpWh (Sheet1) 300.478| Sheet 2 +kWh = 300.4780
[INFO] 23-05-2023 21:16:56 [main] [Log] - Diference for ExpWh (Sheet1) 299.429| Sheet 2 +kWh = 299.4290
[INFO] 23-05-2023 21:16:56 [main] [Log] - Diference for ExpWh (Sheet1) 298.382| Sheet 2 +kWh = 298.3820
[INFO] 23-05-2023 21:16:56 [main] [Log] - Diference for ExpWh (Sheet1) 297.334| Sheet 2 +kWh = 297.3340
[INFO] 23-05-2023 21:16:56 [main] [Log] - Diference for ExpWh (Sheet1) 296.289| Sheet 2 +kWh = 296.2890
[INFO] 23-05-2023 21:16:56 [main] [Log] - Diference for ExpWh (Sheet1) 295.241| Sheet 2 +kWh = 295.2410
[INFO] 23-05-2023 21:16:56 [main] [Log] - Diference for ExpWh (Sheet1) 294.197| Sheet 2 +kWh = 294.1970
[INFO] 23-05-2023 21:16:56 [main] [Log] - Diference for ExpWh (Sheet1) 293.182| Sheet 2 +kWh = 293.1820
[INFO] 23-05-2023 21:16:56 [main] [Log] - Diference for ExpWh (Sheet1) 292.162| Sheet 2 +kWh = 292.1620
[INFO] 23-05-2023 21:16:56 [main] [Log] - Diference for ExpWh (Sheet1) 291.15| Sheet 2 +kWh = 291.1500
[INFO] 23-05-2023 21:16:56 [main] [Log] - Diference for ExpWh (Sheet1) 290.144| Sheet 2 +kWh = 290.1440
[INFO] 23-05-2023 21:16:56 [main] [Log] - Diference for ExpWh (Sheet1) 289.133| Sheet 2 +kWh = 289.1330
[INFO] 23-05-2023 21:16:56 [main] [Log] - Completed Successfully
[INFO] 23-05-2023 21:16:56 [main] [Log] - ScenarioCompare Dongle and Command Center XLS Files
[INFO] 23-05-2023 21:16:57 [main] [Log] - ******************************************************
[INFO] 23-05-2023 21:16:57 [main] [Log] - Scenarioopen browser and send command
[INFO] 23-05-2023 21:16:58 [main] [Log] - ******************************************************
[INFO] 23-05-2023 21:17:06 [main] [Log] - ScenarioSearch Meter number
[INFO] 23-05-2023 21:17:07 [main] [Log] - ******************************************************
[INFO] 23-05-2023 21:17:17 [main] [Log] - ScenarioSearch Meter number
[INFO] 23-05-2023 21:17:17 [main] [Log] - ******************************************************
[INFO] 23-05-2023 21:17:26 [main] [Log] - ScenarioSearch Meter number
[INFO] 23-05-2023 21:24:05 [main] [Log] - ******************************************************
[INFO] 23-05-2023 21:24:08 [main] [Log] - ScenarioCompare Dongle and Command Center XLS Files
[INFO] 23-05-2023 21:24:09 [main] [Log] - ******************************************************
[INFO] 23-05-2023 21:24:10 [main] [Log] - Scenarioopen browser and send command
[INFO] 23-05-2023 21:24:11 [main] [Log] - ******************************************************
[INFO] 23-05-2023 21:24:19 [main] [Log] - ScenarioSearch Meter number
[INFO] 23-05-2023 21:24:20 [main] [Log] - ******************************************************
[INFO] 23-05-2023 21:24:29 [main] [Log] - ScenarioSearch Meter number
[INFO] 23-05-2023 21:24:30 [main] [Log] - ******************************************************
[INFO] 23-05-2023 21:24:38 [main] [Log] - ScenarioSearch Meter number
[INFO] 23-05-2023 21:27:33 [main] [Log] - ******************************************************
[INFO] 23-05-2023 21:27:36 [main] [Log] - ScenarioCompare Dongle and Command Center XLS Files
[INFO] 23-05-2023 21:27:37 [main] [Log] - ******************************************************
[INFO] 23-05-2023 21:27:38 [main] [Log] - Scenarioopen browser and send command
[INFO] 23-05-2023 21:27:39 [main] [Log] - ******************************************************
[INFO] 23-05-2023 21:27:47 [main] [Log] - ScenarioSearch Meter number
[INFO] 23-05-2023 21:27:48 [main] [Log] - ******************************************************
[INFO] 23-05-2023 21:27:58 [main] [Log] - ScenarioSearch Meter number
[INFO] 23-05-2023 21:27:58 [main] [Log] - ******************************************************
[INFO] 23-05-2023 21:28:07 [main] [Log] - ScenarioSearch Meter number
[INFO] 23-05-2023 21:47:43 [main] [Log] - ******************************************************
[INFO] 23-05-2023 21:47:48 [main] [Log] - ScenarioCompare Dongle and Command Center XLS Files
[INFO] 23-05-2023 21:47:50 [main] [Log] - ******************************************************
[INFO] 23-05-2023 21:47:50 [main] [Log] - Scenarioopen browser and send command
[INFO] 23-05-2023 21:47:51 [main] [Log] - ******************************************************
[INFO] 23-05-2023 21:48:02 [main] [Log] - ScenarioSearch Meter number
[INFO] 23-05-2023 21:48:03 [main] [Log] - ******************************************************
[INFO] 23-05-2023 21:48:23 [main] [Log] - ScenarioSearch Meter number
[INFO] 23-05-2023 21:48:24 [main] [Log] - ******************************************************
[INFO] 23-05-2023 21:48:35 [main] [Log] - ScenarioSearch Meter number
[INFO] 23-05-2023 21:53:49 [main] [Log] - ******************************************************
[INFO] 23-05-2023 21:53:53 [main] [Log] - ScenarioCompare Dongle and Command Center XLS Files
[INFO] 23-05-2023 21:53:55 [main] [Log] - ******************************************************
[INFO] 23-05-2023 21:53:56 [main] [Log] - Scenarioopen browser and send command
[INFO] 23-05-2023 21:53:57 [main] [Log] - ******************************************************
[INFO] 23-05-2023 21:54:06 [main] [Log] - ScenarioSearch Meter number
[INFO] 23-05-2023 21:54:06 [main] [Log] - ******************************************************
[INFO] 23-05-2023 21:54:19 [main] [Log] - ScenarioSearch Meter number
[INFO] 23-05-2023 21:54:20 [main] [Log] - ******************************************************
[INFO] 23-05-2023 21:54:34 [main] [Log] - ScenarioSearch Meter number
[INFO] 23-05-2023 22:59:07 [main] [Log] - ******************************************************
[INFO] 23-05-2023 22:59:10 [main] [Log] - ScenarioCompare Dongle and Command Center XLS Files
[INFO] 23-05-2023 22:59:11 [main] [Log] - ******************************************************
[INFO] 23-05-2023 22:59:11 [main] [Log] - Scenarioopen browser and send command
[INFO] 23-05-2023 22:59:12 [main] [Log] - ******************************************************
[INFO] 23-05-2023 22:59:20 [main] [Log] - ScenarioSearch Meter number
[INFO] 23-05-2023 22:59:21 [main] [Log] - ******************************************************
[INFO] 23-05-2023 22:59:30 [main] [Log] - ScenarioSearch Meter number
[INFO] 23-05-2023 22:59:31 [main] [Log] - ******************************************************
[INFO] 23-05-2023 22:59:40 [main] [Log] - ScenarioSearch Meter number
[INFO] 23-05-2023 23:36:22 [main] [Log] - ******************************************************
[INFO] 23-05-2023 23:36:25 [main] [Log] - ScenarioCompare Dongle and Command Center XLS Files
[INFO] 23-05-2023 23:36:26 [main] [Log] - ******************************************************
[INFO] 23-05-2023 23:36:27 [main] [Log] - Scenarioopen browser and send command
[INFO] 23-05-2023 23:36:28 [main] [Log] - ******************************************************
[INFO] 23-05-2023 23:36:36 [main] [Log] - ScenarioSearch Meter number
[INFO] 23-05-2023 23:36:37 [main] [Log] - ******************************************************
[INFO] 23-05-2023 23:36:45 [main] [Log] - ScenarioSearch Meter number
[INFO] 23-05-2023 23:36:46 [main] [Log] - ******************************************************
[INFO] 23-05-2023 23:36:54 [main] [Log] - ScenarioSearch Meter number
[INFO] 23-05-2023 23:42:34 [main] [Log] - ******************************************************
[INFO] 23-05-2023 23:42:37 [main] [Log] - ScenarioCompare Dongle and Command Center XLS Files
[INFO] 23-05-2023 23:42:38 [main] [Log] - ******************************************************
[INFO] 23-05-2023 23:42:38 [main] [Log] - Scenarioopen browser and send command
[INFO] 23-05-2023 23:42:39 [main] [Log] - ******************************************************
[INFO] 23-05-2023 23:42:48 [main] [Log] - ScenarioSearch Meter number
[INFO] 23-05-2023 23:42:48 [main] [Log] - ******************************************************
[INFO] 23-05-2023 23:42:58 [main] [Log] - ScenarioSearch Meter number
[INFO] 23-05-2023 23:42:58 [main] [Log] - ******************************************************
[INFO] 23-05-2023 23:43:07 [main] [Log] - ScenarioSearch Meter number
[INFO] 23-05-2023 23:47:28 [main] [Log] - ******************************************************
[INFO] 23-05-2023 23:47:32 [main] [Log] - ScenarioCompare Dongle and Command Center XLS Files
[INFO] 23-05-2023 23:47:33 [main] [Log] - ******************************************************
[INFO] 23-05-2023 23:47:33 [main] [Log] - Scenarioopen browser and send command
[INFO] 23-05-2023 23:47:34 [main] [Log] - ******************************************************
[INFO] 23-05-2023 23:47:42 [main] [Log] - ScenarioSearch Meter number
[INFO] 23-05-2023 23:47:43 [main] [Log] - ******************************************************
[INFO] 23-05-2023 23:47:54 [main] [Log] - ScenarioSearch Meter number
[INFO] 23-05-2023 23:47:55 [main] [Log] - ******************************************************
[INFO] 23-05-2023 23:48:03 [main] [Log] - ScenarioSearch Meter number
[INFO] 23-05-2023 23:55:42 [main] [Log] - ******************************************************
[INFO] 23-05-2023 23:55:46 [main] [Log] - ScenarioCompare Dongle and Command Center XLS Files
[INFO] 23-05-2023 23:55:47 [main] [Log] - ******************************************************
[INFO] 23-05-2023 23:55:47 [main] [Log] - Scenarioopen browser and send command
[INFO] 23-05-2023 23:55:48 [main] [Log] - ******************************************************
[INFO] 23-05-2023 23:55:56 [main] [Log] - ScenarioSearch Meter number
[INFO] 23-05-2023 23:55:57 [main] [Log] - ******************************************************
[INFO] 23-05-2023 23:56:04 [main] [Log] - ScenarioSearch Meter number
[INFO] 23-05-2023 23:56:05 [main] [Log] - ******************************************************
[INFO] 23-05-2023 23:56:13 [main] [Log] - ScenarioSearch Meter number
